<?xml version="1.0" encoding="UTF-8"?>
<!-- Generated by org.testng.reporters.JUnitReportReporter -->
<testsuite skipped="0" hostname="NGG229" name="helper.HomePage" tests="1" failures="0" timestamp="2020-12-03T15:04:05 CET" time="0.008" errors="0">
  <testcase name="basePageNavigation" time="0.008" classname="helper.HomePage"/>
  <system-out/>
</testsuite> <!-- helper.HomePage -->
