<?xml version="1.0" encoding="UTF-8"?>
<!-- Generated by org.testng.reporters.JUnitReportReporter -->
<testsuite skipped="0" hostname="NGG229" name="Testcases.DeviceCheck" tests="1" failures="0" timestamp="2020-12-11T16:16:41 CET" time="31.860" errors="0">
  <testcase name="buy_mac" time="31.860" classname="Testcases.DeviceCheck"/>
  <system-out/>
</testsuite> <!-- Testcases.DeviceCheck -->
