<?xml version="1.0" encoding="UTF-8"?>
<!-- Generated by org.testng.reporters.JUnitReportReporter -->
<testsuite skipped="0" hostname="NGG229" name="Testcases.LoginPage" tests="2" failures="0" timestamp="2020-12-03T16:11:06 CET" time="8.293" errors="0">
  <testcase name="Login" time="5.075" classname="Testcases.LoginPage"/>
  <system-out/>
  <testcase name="logout" time="3.218" classname="Testcases.LoginPage"/>
  <system-out/>
</testsuite> <!-- Testcases.LoginPage -->
