<?xml version="1.0" encoding="UTF-8"?>
<!-- Generated by org.testng.reporters.JUnitReportReporter -->
<testsuite skipped="0" hostname="NGG229" name="Testcases.LoginPageTemp" tests="1" failures="0" timestamp="2020-12-03T12:43:56 CET" time="11.364" errors="0">
  <testcase name="Login" time="11.364" classname="Testcases.LoginPageTemp"/>
  <system-out/>
</testsuite> <!-- Testcases.LoginPageTemp -->
