<?xml version="1.0" encoding="UTF-8"?>
<!-- Generated by org.testng.reporters.JUnitReportReporter -->
<testsuite skipped="0" hostname="NGG229" name="test.Practice1" tests="2" failures="0" timestamp="2020-12-02T20:42:23 CET" time="0.009" errors="0">
  <testcase name="method1" time="0.008" classname="test.Practice1"/>
  <system-out/>
  <testcase name="method2" time="0.001" classname="test.Practice1"/>
  <system-out/>
</testsuite> <!-- test.Practice1 -->
